<?xml version="1.0" encoding="UTF-8"?>
<testsuite name="org.example.MainTest" tests="12" skipped="0" failures="0" errors="0" timestamp="2024-03-17T08:38:41" hostname="AHMDHSAMMACERLA" time="0.116">
  <properties/>
  <testcase name="Douse Engine Exist?" classname="org.example.MainTest" time="0.021"/>
  <testcase name="[1] org.example.models.Board" classname="org.example.MainTest" time="0.019"/>
  <testcase name="[2] org.example.models.Cell" classname="org.example.MainTest" time="0.003"/>
  <testcase name="[3] org.example.models.Piece" classname="org.example.MainTest" time="0.002"/>
  <testcase name="[4] org.example.models.Rook" classname="org.example.MainTest" time="0.006"/>
  <testcase name="[5] org.example.models.Knight" classname="org.example.MainTest" time="0.003"/>
  <testcase name="[6] org.example.models.Bishop" classname="org.example.MainTest" time="0.002"/>
  <testcase name="[7] org.example.models.Queen" classname="org.example.MainTest" time="0.003"/>
  <testcase name="[8] org.example.models.King" classname="org.example.MainTest" time="0.002"/>
  <testcase name="[9] org.example.models.Pawn" classname="org.example.MainTest" time="0.001"/>
  <testcase name="[10] org.example.models.Point" classname="org.example.MainTest" time="0.002"/>
  <testcase name="Douse Exceptions Exist?" classname="org.example.MainTest" time="0.002"/>
  <system-out><![CDATA[]]></system-out>
  <system-err><![CDATA[]]></system-err>
</testsuite>
