<?xml version="1.0" encoding="UTF-8"?>
<testsuite name="org.example.MainTest$ModelsTest$CellTest" tests="2" skipped="0" failures="0" errors="0" timestamp="2024-03-17T08:38:41" hostname="AHMDHSAMMACERLA" time="0.004">
  <properties/>
  <testcase name="Test Constructors Exist" classname="org.example.MainTest$ModelsTest$CellTest" time="0.002"/>
  <testcase name="Test Fields Exist" classname="org.example.MainTest$ModelsTest$CellTest" time="0.001"/>
  <system-out><![CDATA[]]></system-out>
  <system-err><![CDATA[]]></system-err>
</testsuite>
