<?xml version="1.0" encoding="UTF-8"?>
<testsuite name="org.example.MainTest$EngineTest" tests="4" skipped="0" failures="0" errors="0" timestamp="2024-03-17T08:38:41" hostname="AHMDHSAMMACERLA" time="0.027">
  <properties/>
  <testcase name="Test Engine Default Constructor Exist" classname="org.example.MainTest$EngineTest" time="0.002"/>
  <testcase name="Test Engine create Method Exist" classname="org.example.MainTest$EngineTest" time="0.005"/>
  <testcase name="Test Engine Board Exist" classname="org.example.MainTest$EngineTest" time="0.001"/>
  <testcase name="create Method Test" classname="org.example.MainTest$EngineTest" time="0.013"/>
  <system-out><![CDATA[]]></system-out>
  <system-err><![CDATA[]]></system-err>
</testsuite>
