<?xml version="1.0" encoding="UTF-8"?>
<testsuite name="org.example.MainTest$ExceptionsTest" tests="1" skipped="0" failures="0" errors="0" timestamp="2024-03-17T08:38:41" hostname="AHMDHSAMMACERLA" time="0.001">
  <properties/>
  <testcase name="Test InvalidMovementException Default Constructor Exist" classname="org.example.MainTest$ExceptionsTest" time="0.001"/>
  <system-out><![CDATA[]]></system-out>
  <system-err><![CDATA[]]></system-err>
</testsuite>
